● Validation Warning:

  Unknown option "watcher.useWatchman" with value false was found.
  This is probably a typing mistake. Fixing it will remove this message.

● Validation Warning:

  Unknown option "watcher.crawlDelay" with value 300 was found.
  This is probably a typing mistake. Fixing it will remove this message.

● Validation Warning:

  Unknown option "watcher.ignore" with value ["**/android/build/**", "**/android/app/build/**", "**/android/.gradle/**"] was found.
  This is probably a typing mistake. Fixing it will remove this message.

info Welcome to React Native v0.74
info Starting dev server on port 8081...

                        ▒▒▓▓▓▓▒▒
                     ▒▓▓▓▒▒░░▒▒▓▓▓▒
                  ▒▓▓▓▓░░░▒▒▒▒░░░▓▓▓▓▒
                 ▓▓▒▒▒▓▓▓▓▓▓▓▓▓▓▓▓▒▒▒▓▓
                 ▓▓░░░░░▒▓▓▓▓▓▓▒░░░░░▓▓
                 ▓▓░░▓▓▒░░░▒▒░░░▒▓▒░░▓▓
                 ▓▓░░▓▓▓▓▓▒▒▒▒▓▓▓▓▒░░▓▓
                 ▓▓░░▓▓▓▓▓▓▓▓▓▓▓▓▓▒░░▓▓
                 ▓▓▒░░▒▒▓▓▓▓▓▓▓▓▒░░░▒▓▓
                  ▒▓▓▓▒░░░▒▓▓▒░░░▒▓▓▓▒
                     ▒▓▓▓▒░░░░▒▓▓▓▒
                        ▒▒▓▓▓▓▒▒


warning: the transform cache was reset.
                Welcome to Metro v0.80.12
              Fast - Scalable - Integrated


info React Native v0.80.1 is now available (your project is running on v0.74.5).
info Changelog: https://github.com/facebook/react-native/releases/tag/v0.80.1
info Diff: https://react-native-community.github.io/upgrade-helper/?from=0.74.5
info For more info, check out "https://reactnative.dev/docs/upgrading?os=linux".
info Dev server ready
